"../../../../../../MyProjects/4.26.2/Pasko_DA_14102021/Content/Download/AnimStarterPack/UE4_Mannequin/Mesh/UE4_Mannequin_Skeleton.uasset" 0
"../../../Engine/Content/Animation/DefaultAnimCurveCompressionSettings.uasset" 1
"../../../Engine/Content/Animation/DefaultAnimBoneCompressionSettings.uasset" 2
"../../../../../../MyProjects/4.26.2/Pasko_DA_14102021/Content/Download/AnimStarterPack/Aim_Space_Hip.uasset" 3
"../../../../../../MyProjects/4.26.2/Pasko_DA_14102021/Content/Download/AnimStarterPack/Aim_Space_Ironsights.uasset" 4
"../../../../../../MyProjects/4.26.2/Pasko_DA_14102021/Content/Download/AnimStarterPack/Crouch_to_Stand_Rifle_Hip.uasset" 5
"../../../../../../MyProjects/4.26.2/Pasko_DA_14102021/Content/Download/AnimStarterPack/Crouch_to_Stand_Rifle_Ironsights.uasset" 6
"../../../../../../MyProjects/4.26.2/Pasko_DA_14102021/Content/Download/AnimStarterPack/Crouch_Walk_Bwd_Rifle_Ironsights.uasset" 7
"../../../../../../MyProjects/4.26.2/Pasko_DA_14102021/Content/Download/AnimStarterPack/Crouch_Walk_Lt_Rifle_Ironsights.uasset" 8
"../../../../../../MyProjects/4.26.2/Pasko_DA_14102021/Content/Download/AnimStarterPack/Crouch_Walk_Rt_Rifle_Ironsights.uasset" 9
"../../../../../../MyProjects/4.26.2/Pasko_DA_14102021/Content/Download/AnimStarterPack/Death_1.uasset" 10
"../../../../../../MyProjects/4.26.2/Pasko_DA_14102021/Content/Download/AnimStarterPack/Death_2.uasset" 11
"../../../../../../MyProjects/4.26.2/Pasko_DA_14102021/Content/Download/AnimStarterPack/Death_3.uasset" 12
"../../../../../../MyProjects/4.26.2/Pasko_DA_14102021/Content/Download/AnimStarterPack/Death_Ironsights_1.uasset" 13
"../../../../../../MyProjects/4.26.2/Pasko_DA_14102021/Content/Download/AnimStarterPack/Death_Ironsights_2.uasset" 14
"../../../../../../MyProjects/4.26.2/Pasko_DA_14102021/Content/Download/AnimStarterPack/Equip_Rifle_Standing.uasset" 15
"../../../../../../MyProjects/4.26.2/Pasko_DA_14102021/Content/Download/AnimStarterPack/Fire_Rifle_Hip.uasset" 16
"../../../../../../MyProjects/4.26.2/Pasko_DA_14102021/Content/Download/AnimStarterPack/Fire_Shotgun_Hip.uasset" 17
"../../../../../../MyProjects/4.26.2/Pasko_DA_14102021/Content/Download/AnimStarterPack/Fire_Shotgun_Ironsights.uasset" 18
"../../../../../../MyProjects/4.26.2/Pasko_DA_14102021/Content/Download/AnimStarterPack/Hit_React_4.uasset" 19
"../../../../../../MyProjects/4.26.2/Pasko_DA_14102021/Content/Download/AnimStarterPack/Idle_Pistol.uasset" 20
"../../../../../../MyProjects/4.26.2/Pasko_DA_14102021/Content/Download/AnimStarterPack/Idle_Rifle_Ironsights.uasset" 21
"../../../../../../MyProjects/4.26.2/Pasko_DA_14102021/Content/Download/AnimStarterPack/Jump_From_Stand_Ironsights.uasset" 22
"../../../../../../MyProjects/4.26.2/Pasko_DA_14102021/Content/Download/AnimStarterPack/Prone_Death_1.uasset" 23
"../../../../../../MyProjects/4.26.2/Pasko_DA_14102021/Content/Download/AnimStarterPack/Prone_Death_2.uasset" 24
"../../../../../../MyProjects/4.26.2/Pasko_DA_14102021/Content/Download/AnimStarterPack/Prone_Fire_1.uasset" 25
"../../../../../../MyProjects/4.26.2/Pasko_DA_14102021/Content/Download/AnimStarterPack/Prone_Fire_2.uasset" 26
"../../../../../../MyProjects/4.26.2/Pasko_DA_14102021/Content/Download/AnimStarterPack/Prone_Idle.uasset" 27
"../../../../../../MyProjects/4.26.2/Pasko_DA_14102021/Content/Download/AnimStarterPack/Prone_Reload_Rifle.uasset" 28
"../../../../../../MyProjects/4.26.2/Pasko_DA_14102021/Content/Download/AnimStarterPack/Prone_Reload_Shotgun.uasset" 29
"../../../../../../MyProjects/4.26.2/Pasko_DA_14102021/Content/Download/AnimStarterPack/Prone_To_Stand.uasset" 30
"../../../../../../MyProjects/4.26.2/Pasko_DA_14102021/Content/Download/AnimStarterPack/Reload_Pistol.uasset" 31
"../../../../../../MyProjects/4.26.2/Pasko_DA_14102021/Content/Download/AnimStarterPack/Reload_Rifle_Ironsights.uasset" 32
"../../../../../../MyProjects/4.26.2/Pasko_DA_14102021/Content/Download/AnimStarterPack/Reload_Shotgun_Hip.uasset" 33
"../../../../../../MyProjects/4.26.2/Pasko_DA_14102021/Content/Download/AnimStarterPack/Reload_Shotgun_Ironsights.uasset" 34
"../../../../../../MyProjects/4.26.2/Pasko_DA_14102021/Content/Download/AnimStarterPack/Sprint_Fwd_Rifle.uasset" 35
"../../../../../../MyProjects/4.26.2/Pasko_DA_14102021/Content/Download/AnimStarterPack/Stand_to_Crouch_Rifle_Hip.uasset" 36
"../../../../../../MyProjects/4.26.2/Pasko_DA_14102021/Content/Download/AnimStarterPack/Stand_to_Crouch_Rifle_Ironsights.uasset" 37
"../../../../../../MyProjects/4.26.2/Pasko_DA_14102021/Content/Download/AnimStarterPack/Stand_To_Prone.uasset" 38
"../../../../../../MyProjects/4.26.2/Pasko_DA_14102021/Content/Download/AnimStarterPack/Walk_Bwd_Rifle_Ironsights.uasset" 39
"../../../../../../MyProjects/4.26.2/Pasko_DA_14102021/Content/Download/AnimStarterPack/Walk_Lt_Rifle_Ironsights.uasset" 40
"../../../../../../MyProjects/4.26.2/Pasko_DA_14102021/Content/Download/AnimStarterPack/Walk_Rt_Rifle_Ironsights.uasset" 41
"../../../../../../MyProjects/4.26.2/Pasko_DA_14102021/Content/Download/FirstPersonContent/FirstPerson/Character/Textures/UE4_LOGO_CARD.uasset" 42
"../../../../../../MyProjects/4.26.2/Pasko_DA_14102021/Content/Download/FirstPersonContent/FirstPerson/FPWeapon/Materials/MaterialLayers/ML_Plastic_Shiny_Beige_LOGO.uasset" 43
"../../../../../../MyProjects/4.26.2/Pasko_DA_14102021/Content/Download/FirstPersonContent/FirstPerson/FPWeapon/Materials/MaterialLayers/T_ML_FineRubber.uasset" 44
"../../../../../../MyProjects/4.26.2/Pasko_DA_14102021/Content/Download/FirstPersonContent/FirstPerson/FPWeapon/Mesh/SK_FPGun_PhysicsAsset.uasset" 45
"../../../../../../MyProjects/4.26.2/Pasko_DA_14102021/Content/Download/FirstPersonContent/FirstPerson/Meshes/BaseMaterial.uasset" 46
"../../../../../../MyProjects/4.26.2/Pasko_DA_14102021/Content/Download/FirstPersonContent/FirstPerson/Meshes/FirstPersonProjectileMaterial.uasset" 47
"../../../../../../MyProjects/4.26.2/Pasko_DA_14102021/Content/Download/FirstPersonContent/FirstPerson/Meshes/FirstPersonProjectileMesh.uasset" 48
"../../../../../../MyProjects/4.26.2/Pasko_DA_14102021/Content/Download/FirstPersonContent/FirstPersonBP/FirstPersonOverview.uasset" 49
"../../../../../../MyProjects/4.26.2/Pasko_DA_14102021/Content/Download/FirstPersonContent/FirstPerson/Textures/FirstPersonCrosshair.uasset" 50
"../../../../../../MyProjects/4.26.2/Pasko_DA_14102021/Content/Download/FirstPersonContent/FirstPersonBP/Blueprints/FirstPersonHUD.uasset" 51
"../../../../../../MyProjects/4.26.2/Pasko_DA_14102021/Content/Download/FirstPersonContent/FirstPerson/FPWeapon/Mesh/SK_FPGun_Skeleton.uasset" 52
"../../../../../../MyProjects/4.26.2/Pasko_DA_14102021/Content/Download/FirstPersonContent/FirstPerson/FPWeapon/Textures/T_FPGun_N.uasset" 53
"../../../../../../MyProjects/4.26.2/Pasko_DA_14102021/Content/Download/FirstPersonContent/FirstPerson/FPWeapon/Textures/T_FPGun_M.uasset" 54
"../../../../../../MyProjects/4.26.2/Pasko_DA_14102021/Content/Download/FirstPersonContent/FirstPerson/FPWeapon/Materials/MaterialLayers/T_ML_Rubber_Blue_01_N.uasset" 55
"../../../../../../MyProjects/4.26.2/Pasko_DA_14102021/Content/Download/FirstPersonContent/FirstPerson/FPWeapon/Materials/MaterialLayers/T_ML_Rubber_Blue_01_D.uasset" 56
"../../../../../../MyProjects/4.26.2/Pasko_DA_14102021/Content/Download/FirstPersonContent/FirstPerson/FPWeapon/Materials/MaterialLayers/T_ML_Aluminum01_N.uasset" 57
"../../../../../../MyProjects/4.26.2/Pasko_DA_14102021/Content/Download/FirstPersonContent/FirstPerson/FPWeapon/Materials/MaterialLayers/T_ML_Aluminum01.uasset" 58
"../../../../../../MyProjects/4.26.2/Pasko_DA_14102021/Content/Download/FirstPersonContent/FirstPerson/FPWeapon/Materials/MaterialLayers/ML_SoftMetal_UE4.uasset" 59
"../../../../../../MyProjects/4.26.2/Pasko_DA_14102021/Content/Download/FirstPersonContent/FirstPerson/FPWeapon/Materials/MaterialLayers/ML_Screen.uasset" 60
"../../../../../../MyProjects/4.26.2/Pasko_DA_14102021/Content/Download/FirstPersonContent/FirstPerson/FPWeapon/Materials/MaterialLayers/ML_Plastic_Shiny_Beige.uasset" 61
"../../../../../../MyProjects/4.26.2/Pasko_DA_14102021/Content/Download/FirstPersonContent/FirstPerson/FPWeapon/Materials/MaterialLayers/ML_GlossyBlack_Latex_UE4.uasset" 62
"../../../Engine/Content/Functions/MaterialLayerFunctions/MatLayerBlend_Simple.uasset" 63
"../../../Engine/Content/Functions/Engine_MaterialFunctions02/Utility/BlendAngleCorrectedNormals.uasset" 64
"../../../Engine/Content/Functions/MaterialLayerFunctions/MatLayerBlend_NormalBlend.uasset" 65
"../../../../../../MyProjects/4.26.2/Pasko_DA_14102021/Content/Download/FirstPersonContent/FirstPerson/FPWeapon/Materials/M_FPGun.uasset" 66
"../../../../../../MyProjects/4.26.2/Pasko_DA_14102021/Content/Download/FirstPersonContent/FirstPerson/FPWeapon/Mesh/SK_FPGun.uasset" 67
"../../../../../../MyProjects/4.26.2/Pasko_DA_14102021/Content/Download/FirstPersonContent/FirstPerson/Character/Mesh/SK_Mannequin_Arms_PhysicsAsset.uasset" 68
"../../../../../../MyProjects/4.26.2/Pasko_DA_14102021/Content/Download/FirstPersonContent/FirstPerson/Character/Textures/UE4_Mannequin_MAT_MASKA.uasset" 69
"../../../../../../MyProjects/4.26.2/Pasko_DA_14102021/Content/Download/FirstPersonContent/FirstPerson/Character/Textures/UE4_Mannequin__normals.uasset" 70
"../../../../../../MyProjects/4.26.2/Pasko_DA_14102021/Content/Download/FirstPersonContent/FirstPerson/Character/Materials/MaterialLayers/T_ML_Rubber_Blue_01_N.uasset" 71
"../../../../../../MyProjects/4.26.2/Pasko_DA_14102021/Content/Download/FirstPersonContent/FirstPerson/Character/Materials/MaterialLayers/T_ML_Rubber_Blue_01_D.uasset" 72
"../../../../../../MyProjects/4.26.2/Pasko_DA_14102021/Content/Download/FirstPersonContent/FirstPerson/Character/Materials/MaterialLayers/T_ML_Aluminum01_N.uasset" 73
"../../../../../../MyProjects/4.26.2/Pasko_DA_14102021/Content/Download/FirstPersonContent/FirstPerson/Character/Materials/MaterialLayers/T_ML_Aluminum01.uasset" 74
"../../../../../../MyProjects/4.26.2/Pasko_DA_14102021/Content/Download/FirstPersonContent/FirstPerson/Character/Materials/MaterialLayers/ML_SoftMetal_UE4.uasset" 75
"../../../../../../MyProjects/4.26.2/Pasko_DA_14102021/Content/Download/FirstPersonContent/FirstPerson/Character/Materials/MaterialLayers/ML_Plastic_Shiny_Beige_LOGO.uasset" 76
"../../../../../../MyProjects/4.26.2/Pasko_DA_14102021/Content/Download/FirstPersonContent/FirstPerson/Character/Materials/MaterialLayers/ML_Plastic_Shiny_Beige.uasset" 77
"../../../../../../MyProjects/4.26.2/Pasko_DA_14102021/Content/Download/FirstPersonContent/FirstPerson/Character/Materials/MaterialLayers/ML_GlossyBlack_Latex_UE4.uasset" 78
"../../../../../../MyProjects/4.26.2/Pasko_DA_14102021/Content/Download/FirstPersonContent/FirstPerson/Character/Materials/M_UE4Man_Body.uasset" 79
"../../../../../../MyProjects/4.26.2/Pasko_DA_14102021/Content/Download/FirstPersonContent/FirstPerson/Character/Mesh/SK_Mannequin_Arms_Skeleton.uasset" 80
"../../../../../../MyProjects/4.26.2/Pasko_DA_14102021/Content/Download/FirstPersonContent/FirstPerson/Character/Mesh/SK_Mannequin_Arms.uasset" 81
"../../../../../../MyProjects/4.26.2/Pasko_DA_14102021/Content/Download/FirstPersonContent/FirstPerson/Audio/FirstPersonTemplateWeaponFire02.uasset" 82
"../../../Engine/Content/EditorBlueprintResources/StandardMacros.uasset" 83
"../../../../../../MyProjects/4.26.2/Pasko_DA_14102021/Content/Download/FirstPersonContent/FirstPerson/Animations/FirstPerson_Run.uasset" 84
"../../../../../../MyProjects/4.26.2/Pasko_DA_14102021/Content/Download/FirstPersonContent/FirstPerson/Animations/FirstPerson_JumpStart.uasset" 85
"../../../../../../MyProjects/4.26.2/Pasko_DA_14102021/Content/Download/FirstPersonContent/FirstPerson/Animations/FirstPerson_JumpLoop.uasset" 86
"../../../../../../MyProjects/4.26.2/Pasko_DA_14102021/Content/Download/FirstPersonContent/FirstPerson/Animations/FirstPerson_JumpEnd.uasset" 87
"../../../../../../MyProjects/4.26.2/Pasko_DA_14102021/Content/Download/FirstPersonContent/FirstPerson/Animations/FirstPerson_Idle.uasset" 88
"../../../../../../MyProjects/4.26.2/Pasko_DA_14102021/Content/Download/FirstPersonContent/FirstPerson/Animations/FirstPerson_AnimBP.uasset" 89
"../../../../../../MyProjects/4.26.2/Pasko_DA_14102021/Content/Download/FirstPersonContent/FirstPerson/Animations/FirstPerson_Fire.uasset" 90
"../../../../../../MyProjects/4.26.2/Pasko_DA_14102021/Content/Download/FirstPersonContent/FirstPerson/Animations/FirstPersonFire_Montage.uasset" 91
"../../../../../../MyProjects/4.26.2/Pasko_DA_14102021/Content/Download/FirstPersonContent/FirstPersonBP/Blueprints/FirstPersonCharacter.uasset" 92
"../../../../../../MyProjects/4.26.2/Pasko_DA_14102021/Content/Download/FirstPersonContent/FirstPersonBP/Blueprints/FirstPersonGameMode.uasset" 93
"../../../../../../MyProjects/4.26.2/Pasko_DA_14102021/Content/Download/FirstPersonContent/Geometry/Meshes/CubeMaterial.uasset" 94
"../../../../../../MyProjects/4.26.2/Pasko_DA_14102021/Content/Download/FirstPersonContent/Geometry/Meshes/1M_Cube_Chamfer.uasset" 95
"../../../../../../MyProjects/4.26.2/Pasko_DA_14102021/Content/Download/FirstPersonContent/Geometry/Meshes/TemplateFloor.uasset" 96
"../../../../../../MyProjects/4.26.2/Pasko_DA_14102021/Content/Download/StarterContent/Materials/M_Basic_Wall.uasset" 97
"../../../../../../MyProjects/4.26.2/Pasko_DA_14102021/Content/Download/StarterContent/Architecture/Pillar_50x500.uasset" 98
"../../../../../../MyProjects/4.26.2/Pasko_DA_14102021/Content/Download/StarterContent/Architecture/Wall_400x300.uasset" 99
"../../../../../../MyProjects/4.26.2/Pasko_DA_14102021/Content/Download/StarterContent/Architecture/Wall_400x400.uasset" 100
"../../../../../../MyProjects/4.26.2/Pasko_DA_14102021/Content/Download/StarterContent/Architecture/Wall_500x500.uasset" 101
"../../../../../../MyProjects/4.26.2/Pasko_DA_14102021/Content/Download/StarterContent/Architecture/Wall_Door_400x400.uasset" 102
"../../../../../../MyProjects/4.26.2/Pasko_DA_14102021/Content/Download/StarterContent/Architecture/Wall_Window_400x400.uasset" 103
"../../../../../../MyProjects/4.26.2/Pasko_DA_14102021/Content/Download/StarterContent/Audio/Light01.uasset" 104
"../../../../../../MyProjects/4.26.2/Pasko_DA_14102021/Content/Download/StarterContent/Audio/Light01_Cue.uasset" 105
"../../../../../../MyProjects/4.26.2/Pasko_DA_14102021/Content/Download/StarterContent/Audio/Light02.uasset" 106
"../../../../../../MyProjects/4.26.2/Pasko_DA_14102021/Content/Download/StarterContent/Audio/Light02_Cue.uasset" 107
"../../../../../../MyProjects/4.26.2/Pasko_DA_14102021/Content/Download/StarterContent/Textures/T_Smoke_Tiled_D.uasset" 108
"../../../../../../MyProjects/4.26.2/Pasko_DA_14102021/Content/Download/StarterContent/Textures/T_Smoke_SubUV.uasset" 109
"../../../../../../MyProjects/4.26.2/Pasko_DA_14102021/Content/Download/StarterContent/Particles/Materials/M_smoke_subUV.uasset" 110
"../../../Engine/Content/Functions/Engine_MaterialFunctions01/Gradient/RadialGradient.uasset" 111
"../../../../../../MyProjects/4.26.2/Pasko_DA_14102021/Content/Download/StarterContent/Particles/Materials/M_radial_ramp.uasset" 112
"../../../../../../MyProjects/4.26.2/Pasko_DA_14102021/Content/Download/StarterContent/Particles/Materials/m_flare_01.uasset" 113
"../../../../../../MyProjects/4.26.2/Pasko_DA_14102021/Content/Download/StarterContent/Textures/T_Explosion_SubUV.uasset" 114
"../../../../../../MyProjects/4.26.2/Pasko_DA_14102021/Content/Download/StarterContent/Particles/Materials/M_explosion_subUV.uasset" 115
"../../../../../../MyProjects/4.26.2/Pasko_DA_14102021/Content/Download/StarterContent/Textures/T_Burst_M.uasset" 116
"../../../../../../MyProjects/4.26.2/Pasko_DA_14102021/Content/Download/StarterContent/Particles/Materials/M_Burst.uasset" 117
"../../../../../../MyProjects/4.26.2/Pasko_DA_14102021/Content/Download/StarterContent/Particles/P_Explosion.uasset" 118
"../../../../../../MyProjects/4.26.2/Pasko_DA_14102021/Content/Download/StarterContent/Audio/Explosion02.uasset" 119
"../../../../../../MyProjects/4.26.2/Pasko_DA_14102021/Content/Download/StarterContent/Audio/Explosion01.uasset" 120
"../../../../../../MyProjects/4.26.2/Pasko_DA_14102021/Content/Download/StarterContent/Audio/Explosion_Cue.uasset" 121
"../../../../../../MyProjects/4.26.2/Pasko_DA_14102021/Content/Download/StarterContent/Blueprints/Blueprint_Effect_Explosion.uasset" 122
"../../../Engine/Content/EditorMeshes/ColorCalibrator/T_ColorGrid.uasset" 123
"../../../../../../MyProjects/4.26.2/Pasko_DA_14102021/Content/Download/StarterContent/Materials/M_ColorGrid_LowSpec.uasset" 124
"../../../../../../MyProjects/4.26.2/Pasko_DA_14102021/Content/Download/StarterContent/Textures/T_Bush_N.uasset" 125
"../../../../../../MyProjects/4.26.2/Pasko_DA_14102021/Content/Download/StarterContent/Textures/T_Bush_D.uasset" 126
"../../../../../../MyProjects/4.26.2/Pasko_DA_14102021/Content/Download/StarterContent/Props/Materials/M_Bush.uasset" 127
"../../../../../../MyProjects/4.26.2/Pasko_DA_14102021/Content/Download/StarterContent/Props/SM_Bush.uasset" 128
"../../../../../../MyProjects/4.26.2/Pasko_DA_14102021/Content/Download/StarterContent/Textures/T_Chair_N.uasset" 129
"../../../../../../MyProjects/4.26.2/Pasko_DA_14102021/Content/Download/StarterContent/Textures/T_Chair_M.uasset" 130
"../../../../../../MyProjects/4.26.2/Pasko_DA_14102021/Content/Download/StarterContent/Props/Materials/M_Chair.uasset" 131
"../../../../../../MyProjects/4.26.2/Pasko_DA_14102021/Content/Download/StarterContent/Props/SM_Couch.uasset" 132
"../../../../../../MyProjects/4.26.2/Pasko_DA_14102021/Content/Download/StarterContent/Textures/T_Door_N.uasset" 133
"../../../../../../MyProjects/4.26.2/Pasko_DA_14102021/Content/Download/StarterContent/Textures/T_Door_M.uasset" 134
"../../../../../../MyProjects/4.26.2/Pasko_DA_14102021/Content/Download/StarterContent/Props/Materials/M_Door.uasset" 135
"../../../../../../MyProjects/4.26.2/Pasko_DA_14102021/Content/Download/StarterContent/Materials/M_Glass.uasset" 136
"../../../../../../MyProjects/4.26.2/Pasko_DA_14102021/Content/Download/StarterContent/Props/SM_Door.uasset" 137
"../../../../../../MyProjects/4.26.2/Pasko_DA_14102021/Content/Download/StarterContent/Props/Materials/M_MaterialSphere_Plain.uasset" 138
"../../../../../../MyProjects/4.26.2/Pasko_DA_14102021/Content/Download/StarterContent/Props/Materials/M_MaterialSphere.uasset" 139
"../../../../../../MyProjects/4.26.2/Pasko_DA_14102021/Content/Download/StarterContent/Props/SM_MatPreviewMesh_02.uasset" 140
"../../../../../../MyProjects/4.26.2/Pasko_DA_14102021/Content/Download/StarterContent/Textures/T_RockMesh_N.uasset" 141
"../../../../../../MyProjects/4.26.2/Pasko_DA_14102021/Content/Download/StarterContent/Textures/T_RockMesh_M.uasset" 142
"../../../../../../MyProjects/4.26.2/Pasko_DA_14102021/Content/Download/StarterContent/Textures/T_Detail_Rocky_N.uasset" 143
"../../../../../../MyProjects/4.26.2/Pasko_DA_14102021/Content/Download/StarterContent/Textures/T_Rock_Basalt_D.uasset" 144
"../../../../../../MyProjects/4.26.2/Pasko_DA_14102021/Content/Download/StarterContent/Props/Materials/M_Rock.uasset" 145
"../../../../../../MyProjects/4.26.2/Pasko_DA_14102021/Content/Download/StarterContent/Props/SM_Rock.uasset" 146
"../../../../../../MyProjects/4.26.2/Pasko_DA_14102021/Content/Download/StarterContent/Textures/T_Shelf_N.uasset" 147
"../../../../../../MyProjects/4.26.2/Pasko_DA_14102021/Content/Download/StarterContent/Textures/T_Shelf_M.uasset" 148
"../../../../../../MyProjects/4.26.2/Pasko_DA_14102021/Content/Download/StarterContent/Props/Materials/M_Shelf.uasset" 149
"../../../../../../MyProjects/4.26.2/Pasko_DA_14102021/Content/Download/StarterContent/Props/SM_Shelf.uasset" 150
"../../../../../../MyProjects/4.26.2/Pasko_DA_14102021/Content/Download/StarterContent/Materials/M_Basic_Floor.uasset" 151
"../../../../../../MyProjects/4.26.2/Pasko_DA_14102021/Content/Download/StarterContent/Props/SM_Stairs.uasset" 152
"../../../../../../MyProjects/4.26.2/Pasko_DA_14102021/Content/Download/StarterContent/Shapes/Shape_Pipe.uasset" 153
"../../../../../../MyProjects/4.26.2/Pasko_DA_14102021/Content/Download/StarterContent/Shapes/Shape_Pipe_180.uasset" 154
"../../../../../../MyProjects/4.26.2/Pasko_DA_14102021/Content/Download/StarterContent/Shapes/Shape_Pipe_90.uasset" 155
"../../../../../../MyProjects/4.26.2/Pasko_DA_14102021/Content/Download/StarterContent/Shapes/Shape_Plane.uasset" 156
"../../../../../../MyProjects/4.26.2/Pasko_DA_14102021/Content/Download/StarterContent/Shapes/Shape_Torus.uasset" 157
"../../../../../../MyProjects/4.26.2/Pasko_DA_14102021/Content/Download/StarterContent/Shapes/Shape_Trim.uasset" 158
"../../../../../../MyProjects/4.26.2/Pasko_DA_14102021/Content/Download/StarterContent/Shapes/Shape_Trim_90_In.uasset" 159
"../../../../../../MyProjects/4.26.2/Pasko_DA_14102021/Content/Download/StarterContent/Shapes/Shape_Trim_90_Out.uasset" 160
"../../../../../../MyProjects/4.26.2/Pasko_DA_14102021/Content/Download/StarterContent/Shapes/Shape_TriPyramid.uasset" 161
"../../../../../../MyProjects/4.26.2/Pasko_DA_14102021/Content/Download/StarterContent/Shapes/Shape_Tube.uasset" 162
"../../../../../../MyProjects/4.26.2/Pasko_DA_14102021/Content/Download/StarterContent/Shapes/Shape_Wedge_A.uasset" 163
"../../../../../../MyProjects/4.26.2/Pasko_DA_14102021/Content/Download/StarterContent/Shapes/Shape_Wedge_B.uasset" 164
"../../../../../../MyProjects/4.26.2/Pasko_DA_14102021/Content/Download/StarterContent/Shapes/Shape_WideCapsule.uasset" 165
"../../../../../../MyProjects/4.26.2/Pasko_DA_14102021/Content/Download/ThirdPersonContent/Mannequin/Character/Mesh/UE4_Mannequin_Skeleton.uasset" 166
"../../../../../../MyProjects/4.26.2/Pasko_DA_14102021/Content/Download/ThirdPersonContent/Mannequin/Animations/ThirdPersonJump_End.uasset" 167
"../../../../../../MyProjects/4.26.2/Pasko_DA_14102021/Content/Download/ThirdPersonContent/Mannequin/Character/Mesh/SK_Mannequin_Female_PhysicsAsset.uasset" 168
"../../../../../../MyProjects/4.26.2/Pasko_DA_14102021/Content/Download/ThirdPersonContent/Mannequin/Character/Textures/T_UE4Logo_N.uasset" 169
"../../../../../../MyProjects/4.26.2/Pasko_DA_14102021/Content/Download/ThirdPersonContent/Mannequin/Character/Textures/T_UE4Logo_Mask.uasset" 170
"../../../../../../MyProjects/4.26.2/Pasko_DA_14102021/Content/Download/ThirdPersonContent/Mannequin/Character/Textures/T_Male_N.uasset" 171
"../../../../../../MyProjects/4.26.2/Pasko_DA_14102021/Content/Download/ThirdPersonContent/Mannequin/Character/Textures/T_Male_Mask.uasset" 172
"../../../../../../MyProjects/4.26.2/Pasko_DA_14102021/Content/Download/ThirdPersonContent/Mannequin/Character/Materials/MaterialLayers/T_ML_Rubber_Blue_01_N.uasset" 173
"../../../../../../MyProjects/4.26.2/Pasko_DA_14102021/Content/Download/ThirdPersonContent/Mannequin/Character/Materials/MaterialLayers/T_ML_Rubber_Blue_01_D.uasset" 174
"../../../../../../MyProjects/4.26.2/Pasko_DA_14102021/Content/Download/ThirdPersonContent/Mannequin/Character/Materials/MaterialLayers/T_ML_Aluminum01_N.uasset" 175
"../../../../../../MyProjects/4.26.2/Pasko_DA_14102021/Content/Download/ThirdPersonContent/Mannequin/Character/Materials/MaterialLayers/T_ML_Aluminum01.uasset" 176
"../../../../../../MyProjects/4.26.2/Pasko_DA_14102021/Content/Download/ThirdPersonContent/Mannequin/Character/Materials/MaterialLayers/ML_SoftMetal_UE4.uasset" 177
"../../../../../../MyProjects/4.26.2/Pasko_DA_14102021/Content/Download/ThirdPersonContent/Mannequin/Character/Materials/MaterialLayers/ML_Plastic_Shiny_Beige_LOGO.uasset" 178
"../../../../../../MyProjects/4.26.2/Pasko_DA_14102021/Content/Download/ThirdPersonContent/Mannequin/Character/Materials/MaterialLayers/ML_Plastic_Shiny_Beige.uasset" 179
"../../../../../../MyProjects/4.26.2/Pasko_DA_14102021/Content/Download/ThirdPersonContent/Mannequin/Character/Materials/MaterialLayers/ML_GlossyBlack_Latex_UE4.uasset" 180
"../../../../../../MyProjects/4.26.2/Pasko_DA_14102021/Content/Download/ThirdPersonContent/Mannequin/Character/Materials/M_Male_Body.uasset" 181
"../../../../../../MyProjects/4.26.2/Pasko_DA_14102021/Content/Download/ThirdPersonContent/Mannequin/Character/Materials/M_UE4Man_ChestLogo.uasset" 182
"../../../../../../MyProjects/4.26.2/Pasko_DA_14102021/Content/Download/ThirdPersonContent/Mannequin/Character/Textures/T_Female_N.uasset" 183
"../../../../../../MyProjects/4.26.2/Pasko_DA_14102021/Content/Download/ThirdPersonContent/Mannequin/Character/Textures/T_Female_Mask.uasset" 184
"../../../../../../MyProjects/4.26.2/Pasko_DA_14102021/Content/Download/ThirdPersonContent/Mannequin/Character/Materials/MI_Female_Body.uasset" 185
"../../../../../../MyProjects/4.26.2/Pasko_DA_14102021/Content/Download/ThirdPersonContent/Mannequin/Character/Mesh/SK_Mannequin_Female.uasset" 186
"../../../../../../MyProjects/4.26.2/Pasko_DA_14102021/Content/Download/ThirdPersonContent/ThirdPersonBP/ThirdPersonOverview.uasset" 187
"../../../../../../MyProjects/4.26.2/Pasko_DA_14102021/Content/Download/ThirdPersonContent/Mannequin/Character/Mesh/SK_Mannequin_PhysicsAsset.uasset" 188
"../../../../../../MyProjects/4.26.2/Pasko_DA_14102021/Content/Download/ThirdPersonContent/Mannequin/Character/Mesh/SK_Mannequin.uasset" 189
"../../../../../../MyProjects/4.26.2/Pasko_DA_14102021/Content/Download/ThirdPersonContent/Mannequin/Animations/ThirdPersonWalk.uasset" 190
"../../../../../../MyProjects/4.26.2/Pasko_DA_14102021/Content/Download/ThirdPersonContent/Mannequin/Animations/ThirdPersonRun.uasset" 191
"../../../../../../MyProjects/4.26.2/Pasko_DA_14102021/Content/Download/ThirdPersonContent/Mannequin/Animations/ThirdPersonIdle.uasset" 192
"../../../../../../MyProjects/4.26.2/Pasko_DA_14102021/Content/Download/ThirdPersonContent/Mannequin/Animations/ThirdPerson_IdleRun_2D.uasset" 193
"../../../../../../MyProjects/4.26.2/Pasko_DA_14102021/Content/Download/ThirdPersonContent/Mannequin/Animations/ThirdPerson_Jump.uasset" 194
"../../../../../../MyProjects/4.26.2/Pasko_DA_14102021/Content/Download/ThirdPersonContent/Mannequin/Animations/ThirdPersonJump_Start.uasset" 195
"../../../../../../MyProjects/4.26.2/Pasko_DA_14102021/Content/Download/ThirdPersonContent/Mannequin/Animations/ThirdPersonJump_Loop.uasset" 196
"../../../../../../MyProjects/4.26.2/Pasko_DA_14102021/Content/Download/ThirdPersonContent/Mannequin/Animations/ThirdPerson_AnimBP.uasset" 197
"../../../../../../MyProjects/4.26.2/Pasko_DA_14102021/Content/Download/ThirdPersonContent/ThirdPersonBP/Blueprints/ThirdPersonCharacter.uasset" 198
"../../../../../../MyProjects/4.26.2/Pasko_DA_14102021/Content/Download/ThirdPersonContent/ThirdPersonBP/Blueprints/ThirdPersonGameMode.uasset" 199
"../../../../../../MyProjects/4.26.2/Pasko_DA_14102021/Content/Pasko_DA/Main/MainController.uasset" 200
"../../../../../../MyProjects/4.26.2/Pasko_DA_14102021/Content/Pasko_DA/Characters/MainCharacter.uasset" 201
"../../../../../../MyProjects/4.26.2/Pasko_DA_14102021/Content/Pasko_DA/Main/MainGM.uasset" 202
"../../../../../../MyProjects/4.26.2/Pasko_DA_14102021/Content/Meshes/M_Basic_Wall.uasset" 203
"../../../../../../MyProjects/4.26.2/Pasko_DA_14102021/Content/Meshes/Shape_Cone.uasset" 204
"../../../../../../MyProjects/4.26.2/Pasko_DA_14102021/Content/Meshes/Shape_Cube.uasset" 205
"../../../../../../MyProjects/4.26.2/Pasko_DA_14102021/Content/Meshes/Shape_Cylinder.uasset" 206
"../../../../../../MyProjects/4.26.2/Pasko_DA_14102021/Content/Meshes/Shape_NarrowCapsule.uasset" 207
"../../../../../../MyProjects/4.26.2/Pasko_DA_14102021/Content/Meshes/Shape_Sphere.uasset" 208
"../../../Engine/Content/EngineMaterials/T_Default_Material_Grid_N.uasset" 209
"../../../Engine/Content/EngineMaterials/T_Default_Material_Grid_M.uasset" 210
"../../../Engine/Content/Functions/Engine_MaterialFunctions01/Opacity/CameraDepthFade.uasset" 211
"../../../Engine/Content/EngineMaterials/WorldGridMaterial.uasset" 212
"../../../Engine/Content/ArtTools/RenderToTexture/Meshes/S_1_Unit_Plane.uasset" 213
"../../../Engine/Content/EngineMaterials/DefaultMaterial.uasset" 214
"../../../Engine/Content/BasicShapes/Cone.uasset" 215
"../../../Engine/Content/BasicShapes/Cube.uasset" 216
"../../../Engine/Content/BasicShapes/Plane.uasset" 217
"../../../Engine/Content/BasicShapes/Sphere.uasset" 218
"../../../Engine/Content/EditorLandscapeResources/DataLayer.uasset" 219
"../../../Engine/Content/EditorLandscapeResources/DefaultAlphaTexture.uasset" 220
"../../../Engine/Content/EditorMaterials/MAT_Groups_Toggle.uasset" 221
"../../../Engine/Content/EditorMaterials/MAT_Groups_Visibility.uasset" 222
"../../../Engine/Content/EditorMaterials/PreviewShadowIndicator.uasset" 223
"../../../Engine/Content/EditorMaterials/PreviewShadowIndicatorMaterial.uasset" 224
"../../../Engine/Content/EditorMaterials/MatineeGroups/MAT_ColorTrack.uasset" 225
"../../../Engine/Content/EditorMaterials/MatineeGroups/MAT_Groups_Anim.uasset" 226
"../../../Engine/Content/EditorMaterials/MatineeGroups/MAT_Groups_AudioMaster.uasset" 227
"../../../Engine/Content/EditorMaterials/MatineeGroups/MAT_Groups_Director.uasset" 228
"../../../Engine/Content/EditorMaterials/MatineeGroups/MAT_Groups_Event.uasset" 229
"../../../Engine/Content/EditorMaterials/MatineeGroups/MAT_Groups_Fade.uasset" 230
"../../../Engine/Content/EditorMaterials/MatineeGroups/MAT_Groups_Float.uasset" 231
"../../../Engine/Content/EditorMaterials/MatineeGroups/MAT_Groups_Move.uasset" 232
"../../../Engine/Content/EditorMaterials/MatineeGroups/MAT_Groups_Slomo.uasset" 233
"../../../Engine/Content/EditorMaterials/MatineeGroups/MAT_Groups_Sound.uasset" 234
"../../../Engine/Content/EditorMaterials/MatineeGroups/MAT_Groups_Vector.uasset" 235
"../../../Engine/Content/EditorMaterials/ParticleSystems/PSysThumbnail_NoImage.uasset" 236
"../../../Engine/Content/EditorMaterials/ParticleSystems/PSysThumbnail_OOD.uasset" 237
"../../../Engine/Content/EditorMaterials/Camera/CineMat.uasset" 238
"../../../Engine/Content/EditorMaterials/Camera/MI_CineMat_Rig.uasset" 239
"../../../Engine/Content/EditorMeshes/Camera/SM_CraneRig_Arm.uasset" 240
"../../../Engine/Content/EditorMeshes/Camera/SM_CraneRig_Base.uasset" 241
"../../../Engine/Content/EditorMeshes/Camera/SM_CraneRig_Body.uasset" 242
"../../../Engine/Content/EditorMeshes/Camera/SM_CraneRig_Mount.uasset" 243
"../../../Engine/Content/EditorMeshes/Camera/SM_RailRig_Mount.uasset" 244
"../../../Engine/Content/EditorMeshes/Camera/SM_RailRig_Track.uasset" 245
"../../../Engine/Content/EditorResources/BSPVertex.uasset" 246
"../../../Engine/Content/EditorResources/EmptyActor.uasset" 247
"../../../Engine/Content/EditorResources/S_Actor.uasset" 248
"../../../Engine/Content/EditorResources/S_Note.uasset" 249
"../../../Engine/Content/EditorResources/S_Solver.uasset" 250
"../../../Engine/Content/EditorResources/S_Terrain.uasset" 251
"../../../Engine/Content/EditorResources/S_Trigger.uasset" 252
"../../../Engine/Content/EditorResources/AudioIcons/S_AudioComponent.uasset" 253
"../../../Engine/Content/EditorResources/AudioIcons/S_AudioComponent_AutoActivate.uasset" 254
"../../../Engine/Content/EditorResources/LightIcons/S_LightError.uasset" 255
"../../../Engine/Content/EditorResources/SequenceRecorder/Countdown.uasset" 256
"../../../Engine/Content/EditorResources/SequenceRecorder/RecordingIndicator.uasset" 257
"../../../Engine/Content/EngineDamageTypes/DmgTypeBP_Environmental.uasset" 258
"../../../Engine/Content/EngineDebugMaterials/DebugEditorMaterial.uasset" 259
"../../../Engine/Content/EngineDebugMaterials/DebugMeshMaterial.uasset" 260
"../../../Engine/Content/EngineDebugMaterials/M_SimpleUnlitTranslucent.uasset" 261
"../../../Engine/Content/EngineDebugMaterials/VolumeToRender.uasset" 262
"../../../Engine/Content/Functions/Engine_MaterialFunctions02/Utility/CameraDirectionVector.uasset" 263
"../../../Engine/Content/EngineDebugMaterials/M_VolumeRenderSphereTracePP.uasset" 264
"../../../Engine/Content/Functions/Engine_MaterialFunctions01/Shading/ConvertFromDiffSpec.uasset" 265
"../../../Engine/Content/EngineDebugMaterials/VertexColorMaterial.uasset" 266
"../../../Engine/Content/EngineDebugMaterials/WireframeMaterial.uasset" 267
"../../../Engine/Content/EngineFonts/Faces/RobotoRegular.uasset" 268
"../../../Engine/Content/EngineFonts/Faces/RobotoLight.uasset" 269
"../../../Engine/Content/EngineFonts/Faces/RobotoItalic.uasset" 270
"../../../Engine/Content/EngineFonts/Faces/RobotoBoldItalic.uasset" 271
"../../../Engine/Content/EngineFonts/Faces/RobotoBold.uasset" 272
"../../../Engine/Content/EngineFonts/Faces/DroidSansFallback.uasset" 273
"../../../Engine/Content/EngineFonts/Roboto.uasset" 274
"../../../Engine/Content/EngineMaterials/BaseFlattenNormalMap.uasset" 275
"../../../Engine/Content/EngineMaterials/BaseFlattenGrayscaleMap.uasset" 276
"../../../Engine/Content/EngineMaterials/BaseFlattenEmissiveMap.uasset" 277
"../../../Engine/Content/EngineMaterials/BaseFlattenDiffuseMap.uasset" 278
"../../../Engine/Content/EngineMaterials/BaseFlattenMaterial.uasset" 279
"../../../Engine/Content/EngineMaterials/BlueNoise.uasset" 280
"../../../Engine/Content/EngineMaterials/DefaultBloomKernel.uasset" 281
"../../../Engine/Content/EngineMaterials/DefaultBokeh.uasset" 282
"../../../Engine/Content/EngineMaterials/DefaultDiffuse.uasset" 283
"../../../Engine/Content/EngineMaterials/DefaultDeferredDecalMaterial.uasset" 284
"../../../Engine/Content/EngineMaterials/DefaultLightFunctionMaterial.uasset" 285
"../../../Engine/Content/EngineMaterials/DefaultPhysicalMaterial.uasset" 286
"../../../Engine/Content/Functions/Engine_MaterialFunctions02/Utility/BreakOutFloat2Components.uasset" 287
"../../../Engine/Content/EngineMaterials/DefaultPostProcessMaterial.uasset" 288
"../../../Engine/Content/EngineFonts/RobotoDistanceField.uasset" 289
"../../../Engine/Content/EngineMaterials/DefaultTextMaterialOpaque.uasset" 290
"../../../Engine/Content/EngineMaterials/DefaultWhiteGrid.uasset" 291
"../../../Engine/Content/EngineMaterials/DefaultWhiteGrid_Low.uasset" 292
"../../../Engine/Content/EngineMaterials/EmissiveMeshMaterial.uasset" 293
"../../../Engine/Content/EngineMaterials/GizmoMaterial.uasset" 294
"../../../Engine/Content/EngineMaterials/Good64x64TilingNoiseHighFreq.uasset" 295
"../../../Engine/Content/EngineMaterials/MiniFont.uasset" 296
"../../../Engine/Content/EngineMaterials/InvalidLightmapSettings.uasset" 297
"../../../Engine/Content/EngineMaterials/M_InvalidLightmapSettings.uasset" 298
"../../../Engine/Content/Functions/Engine_MaterialFunctions02/WorldPositionOffset/CameraOffset.uasset" 299
"../../../Engine/Content/EngineMaterials/PhAT_JointLimitMaterial.uasset" 300
"../../../Engine/Content/EngineMaterials/PreintegratedSkinBRDF.uasset" 301
"../../../Engine/Content/EngineMaterials/RemoveSurfaceMaterial.uasset" 302
"../../../Engine/Content/EngineMaterials/WeightMapPlaceholderTexture.uasset" 303
"../../../Engine/Content/EngineResources/WhiteSquareTexture.uasset" 304
"../../../Engine/Content/EngineMaterials/Widget3DPassThrough.uasset" 305
"../../../Engine/Content/EngineMaterials/Widget3DPassThrough_Masked.uasset" 306
"../../../Engine/Content/EngineMaterials/Widget3DPassThrough_Opaque.uasset" 307
"../../../Engine/Content/EngineMaterials/Widget3DPassThrough_Masked_OneSided.uasset" 308
"../../../Engine/Content/EngineMaterials/Widget3DPassThrough_Opaque_OneSided.uasset" 309
"../../../Engine/Content/EngineMaterials/Widget3DPassThrough_Translucent.uasset" 310
"../../../Engine/Content/EngineMaterials/Widget3DPassThrough_Translucent_OneSided.uasset" 311
"../../../Engine/Content/EngineMeshes/Cylinder.uasset" 312
"../../../Engine/Content/EngineMeshes/Sphere.uasset" 313
"../../../Engine/Content/EngineResources/Black.uasset" 314
"../../../Engine/Content/EngineResources/DefaultTextureCube.uasset" 315
"../../../Engine/Content/EngineResources/DefaultVolumeTexture2D.uasset" 316
"../../../Engine/Content/EngineResources/DefaultVolumeTexture.uasset" 317
"../../../Engine/Content/EngineResources/GradientTexture0.uasset" 318
"../../../Engine/Content/EngineSky/VolumetricClouds/T_NoiseShape64.uasset" 319
"../../../Engine/Content/EngineSky/VolumetricClouds/T_VolumeNoiseShape64.uasset" 320
"../../../Engine/Content/EngineSky/VolumetricClouds/T_NoiseErosion.uasset" 321
"../../../Engine/Content/EngineSky/VolumetricClouds/T_VolumeNoiseErosion32.uasset" 322
"../../../Engine/Content/EngineSky/VolumetricClouds/CloudWeatherTexture.uasset" 323
"../../../Engine/Content/EngineSky/VolumetricClouds/CloudGradientTexture.uasset" 324
"../../../Engine/Content/Functions/Engine_MaterialFunctions02/Utility/MakeFloat2.uasset" 325
"../../../Engine/Content/EngineSky/VolumetricClouds/m_SimpleVolumetricCloud.uasset" 326
"../../../Engine/Content/EngineSky/VolumetricClouds/m_SimpleVolumetricCloud_Inst.uasset" 327
"../../../Engine/Content/EngineSounds/Master.uasset" 328
"../../../Engine/Content/Functions/Engine_MaterialFunctions01/Shading/PowerToRoughness.uasset" 329
"../../../Engine/Content/Maps/Templates/Thumbnails/Default.uasset" 330
"../../../Engine/Content/Maps/Templates/Thumbnails/TimeOfDay.uasset" 331
"../../../Engine/Content/Maps/Templates/Thumbnails/VR-Basic.uasset" 332
"../../../Engine/Content/MobileResources/T_MobileControls_texture.uasset" 333
"../../../Engine/Content/MobileResources/T_MobileMenu2.uasset" 334
"../../../Engine/Content/MobileResources/HUD/AnalogHat.uasset" 335
"../../../Engine/Content/MobileResources/HUD/VirtualJoystick_Thumb.uasset" 336
"../../../Engine/Content/MobileResources/HUD/VirtualJoystick_Background.uasset" 337
"../../../Engine/Content/MobileResources/HUD/DefaultVirtualJoysticks.uasset" 338
"../../../Engine/Content/MobileResources/HUD/LeftVirtualJoystickOnly.uasset" 339
"../../../Engine/Content/MobileResources/HUD/MobileHUDButton1_off.uasset" 340
"../../../Engine/Content/MobileResources/HUD/MobileHUDButton1_on.uasset" 341
"../../../Engine/Content/MobileResources/HUD/MobileHUDButton2_off.uasset" 342
"../../../Engine/Content/MobileResources/HUD/MobileHUDButton2_on.uasset" 343
"../../../Engine/Content/MobileResources/HUD/MobileHUDButton3.uasset" 344
"../../../Engine/Content/MobileResources/HUD/MobileHUDButtonFire.uasset" 345
"../../../Engine/Content/MobileResources/HUD/MobileHUDDirectionPad.uasset" 346
"../../../Engine/Content/MobileResources/HUD/MobileHUDDirectionPad2.uasset" 347
"../../../Engine/Content/MobileResources/HUD/MobileHUDDirectionPad3.uasset" 348
"../../../Engine/Content/MobileResources/HUD/MobileHUDDirectionStick.uasset" 349
"../../../Engine/Content/MobileResources/HUD/T_Castle_ThumbstickInner.uasset" 350
"../../../Engine/Content/MobileResources/HUD/T_Castle_ThumbstickOutter.uasset" 351
"../../../Engine/Content/Tutorial/ContentIntroCurve.uasset" 352
"../../../Engine/Content/Tutorial/Basics/LevelEditorAttract.uasset" 353
"../../../Engine/Content/Tutorial/Basics/TutorialAssets/icon_tab_Levels_40x.uasset" 354
"../../../Engine/Content/Tutorial/Basics/LevelEditorOverview.uasset" 355
"../../../Engine/Content/Tutorial/BlueprintTutorials/TutorialAssets/Blueprint_64x.uasset" 356
"../../../Engine/Content/Tutorial/BlueprintTutorials/BlueprintEditorTutorial.uasset" 357
"../../../Engine/Content/Tutorial/Installation/InstallingVisualStudioTutorial.uasset" 358
"../../../Engine/Content/VREditor/TransformGizmo/TranslucentTransformGizmoMaterial.uasset" 359
"../../../Engine/Content/VREditor/LaserPointer/VR_LaserPower_01.uasset" 360
"../../../Engine/Content/VREditor/TransformGizmo/TransformGizmoMaterial.uasset" 361
"../../../Engine/Content/VREditor/TransformGizmo/BoundingBoxCorner.uasset" 362
"../../../Engine/Content/VREditor/TransformGizmo/BoundingBoxEdge.uasset" 363
"../../../Engine/Content/VREditor/TransformGizmo/PlaneTranslationHandle.uasset" 364
"../../../Engine/Content/VREditor/TransformGizmo/Xray.uasset" 365
"../../../Engine/Content/VREditor/TransformGizmo/Main.uasset" 366
"../../../Engine/Content/VREditor/TransformGizmo/SM_Sequencer_Key.uasset" 367
"../../../Engine/Content/VREditor/TransformGizmo/SM_Sequencer_Node.uasset" 368
"../../Plugins/2D/Paper2D/Content/PlaceholderTextures/DummySpriteTexture.uasset" 369
"../../Plugins/2D/Paper2D/Content/DummySprite.uasset" 370
"../../Plugins/2D/Paper2D/Content/DefaultPaperTerrainMaterial.uasset" 371
"../../Plugins/2D/Paper2D/Content/DefaultSpriteMaterial.uasset" 372
"../../Plugins/2D/Paper2D/Content/MaskedUnlitSpriteMaterial.uasset" 373
"../../Plugins/2D/Paper2D/Content/OpaqueUnlitSpriteMaterial.uasset" 374
"../../../Engine/Content/Functions/Engine_MaterialFunctions02/Utility/BreakOutFloat3Components.uasset" 375
"../../Plugins/Editor/SpeedTreeImporter/Content/SpeedTree9/UnpackInteger3.uasset" 376
"../../Plugins/Editor/SpeedTreeImporter/Content/SpeedTree9/UnpackDirection.uasset" 377
"../../Plugins/Editor/SpeedTreeImporter/Content/SpeedTree9/game_wind_noise.uasset" 378
"../../../Engine/Content/Functions/Engine_MaterialFunctions02/SafeNormalize.uasset" 379
"../../Plugins/Editor/SpeedTreeImporter/Content/SpeedTree9/SpeedTreeWindMotion.uasset" 380
"../../Plugins/Editor/SpeedTreeImporter/Content/SpeedTree9/SpeedTreeBranchMotion.uasset" 381
"../../../Engine/Content/Functions/Engine_MaterialFunctions02/ObjectLocalBounds.uasset" 382
"../../../Engine/Content/Functions/Engine_MaterialFunctions02/UVs/BoundingBoxBased_0-1_UVW.uasset" 383
"../../Plugins/Editor/SpeedTreeImporter/Content/SpeedTree9/SpeedTreeWind.uasset" 384
"../../Plugins/Editor/SpeedTreeImporter/Content/SpeedTree9/SpeedTreeBillboard.uasset" 385
"../../../Engine/Content/EngineResources/DefaultTexture.uasset" 386
"../../Plugins/Editor/SpeedTreeImporter/Content/SpeedTree9/SpeedTreeBillboardMaster.uasset" 387
"../../Plugins/Editor/SpeedTreeImporter/Content/SpeedTree9/SpeedTreeCameraFacing.uasset" 388
"../../Plugins/Editor/SpeedTreeImporter/Content/SpeedTree9/SpeedTreeMaster.uasset" 389
"../../../Engine/Content/BasicShapes/Cylinder.uasset" 390
"../../../Engine/Content/ArtTools/RenderToTexture/Materials/Debug/M_Emissive_Color.uasset" 391
"../../Plugins/Lumin/MagicLeapPassableWorld/Content/MagicLeapARPinInfoActor.uasset" 392
"../../../Engine/Content/Functions/Engine_MaterialFunctions02/Utility/BreakOutFloat4Components.uasset" 393
"../../../Engine/Content/Functions/Engine_MaterialFunctions02/Utility/MakeFloat3.uasset" 394
"../../Plugins/Runtime/Oculus/OculusVR/Content/Materials/OculusMR_ChromaKey.uasset" 395
"../../Plugins/Runtime/Oculus/OculusVR/Content/Materials/OculusMR_OpaqueColoredMaterial.uasset" 396
"../../Plugins/Runtime/Oculus/OculusVR/Content/Materials/PokeAHoleMaterial.uasset" 397
"../../../../../../MyProjects/4.26.2/Pasko_DA_14102021/Content/Download/AnimStarterPack/UE4_Mannequin/Mesh/SK_Mannequin_PhysicsAsset.uasset" 398
"../../../../../../MyProjects/4.26.2/Pasko_DA_14102021/Content/Download/AnimStarterPack/UE4_Mannequin/Textures/UE4Man_Logo_N.uasset" 399
"../../../../../../MyProjects/4.26.2/Pasko_DA_14102021/Content/Download/AnimStarterPack/UE4_Mannequin/Textures/UE4_Mannequin_occlusion_Mobile.uasset" 400
"../../../../../../MyProjects/4.26.2/Pasko_DA_14102021/Content/Download/AnimStarterPack/UE4_Mannequin/Textures/UE4_Mannequin_MAT_MASKA.uasset" 401
"../../../../../../MyProjects/4.26.2/Pasko_DA_14102021/Content/Download/AnimStarterPack/UE4_Mannequin/Textures/UE4_Mannequin__normals.uasset" 402
"../../../../../../MyProjects/4.26.2/Pasko_DA_14102021/Content/Download/AnimStarterPack/UE4_Mannequin/Textures/UE4_LOGO_CARD.uasset" 403
"../../../../../../MyProjects/4.26.2/Pasko_DA_14102021/Content/Download/AnimStarterPack/UE4_Mannequin/Materials/MaterialLayers/T_ML_Rubber_Blue_01_N.uasset" 404
"../../../../../../MyProjects/4.26.2/Pasko_DA_14102021/Content/Download/AnimStarterPack/UE4_Mannequin/Materials/MaterialLayers/T_ML_Rubber_Blue_01_D.uasset" 405
"../../../../../../MyProjects/4.26.2/Pasko_DA_14102021/Content/Download/AnimStarterPack/UE4_Mannequin/Materials/MaterialLayers/T_ML_Aluminum01_N.uasset" 406
"../../../../../../MyProjects/4.26.2/Pasko_DA_14102021/Content/Download/AnimStarterPack/UE4_Mannequin/Materials/MaterialLayers/T_ML_Aluminum01.uasset" 407
"../../../../../../MyProjects/4.26.2/Pasko_DA_14102021/Content/Download/AnimStarterPack/UE4_Mannequin/Materials/MaterialLayers/ML_SoftMetal_UE4.uasset" 408
"../../../../../../MyProjects/4.26.2/Pasko_DA_14102021/Content/Download/AnimStarterPack/UE4_Mannequin/Materials/MaterialLayers/ML_Plastic_Shiny_Beige_LOGO.uasset" 409
"../../../../../../MyProjects/4.26.2/Pasko_DA_14102021/Content/Download/AnimStarterPack/UE4_Mannequin/Materials/MaterialLayers/ML_Plastic_Shiny_Beige.uasset" 410
"../../../../../../MyProjects/4.26.2/Pasko_DA_14102021/Content/Download/AnimStarterPack/UE4_Mannequin/Materials/MaterialLayers/ML_GlossyBlack_Latex_UE4.uasset" 411
"../../../Engine/Content/Functions/MaterialLayerFunctions/MatLayerBlend_AO.uasset" 412
"../../../../../../MyProjects/4.26.2/Pasko_DA_14102021/Content/Download/AnimStarterPack/UE4_Mannequin/Materials/M_UE4Man_Body.uasset" 413
"../../../../../../MyProjects/4.26.2/Pasko_DA_14102021/Content/Download/AnimStarterPack/UE4_Mannequin/Materials/M_UE4Man_ChestLogo.uasset" 414
"../../../../../../MyProjects/4.26.2/Pasko_DA_14102021/Content/Download/AnimStarterPack/UE4_Mannequin/Mesh/SK_Mannequin.uasset" 415
"../../../Engine/Content/EngineSky/T_Sky_Stars.uasset" 416
"../../../Engine/Content/EngineSky/T_Sky_Clouds_M.uasset" 417
"../../../Engine/Content/EngineSky/T_Sky_Blue.uasset" 418
"../../../Engine/Content/TemplateResources/M_Template_Master.uasset" 419
"../../../Engine/Content/TemplateResources/MI_Template_BaseGray_03_Metal.uasset" 420
"../../../Engine/Content/EngineSky/M_Sky_Panning_Clouds2.uasset" 421
"../../../Engine/Content/EngineSky/SM_SkySphere.uasset" 422
"../../../Engine/Content/EngineSky/C_Sky_Zenith_Color.uasset" 423
"../../../Engine/Content/EngineSky/C_Sky_Horizon_Color.uasset" 424
"../../../Engine/Content/EngineSky/C_Sky_Cloud_Color.uasset" 425
"../../../Engine/Content/EngineSky/BP_Sky_Sphere.uasset" 426
"../../../../../../MyProjects/4.26.2/Pasko_DA_14102021/Content/Download/AnimStarterPack/Walk_Fwd_Rifle_Ironsights.uasset" 427
"../../../../../../MyProjects/4.26.2/Pasko_DA_14102021/Content/Download/AnimStarterPack/Reload_Rifle_Hip.uasset" 428
"../../../../../../MyProjects/4.26.2/Pasko_DA_14102021/Content/Download/AnimStarterPack/Idle_Rifle_Hip_Break2.uasset" 429
"../../../../../../MyProjects/4.26.2/Pasko_DA_14102021/Content/Download/AnimStarterPack/Idle_Rifle_Hip_Break1.uasset" 430
"../../../../../../MyProjects/4.26.2/Pasko_DA_14102021/Content/Download/AnimStarterPack/Hit_React_3.uasset" 431
"../../../../../../MyProjects/4.26.2/Pasko_DA_14102021/Content/Download/AnimStarterPack/Hit_React_2.uasset" 432
"../../../../../../MyProjects/4.26.2/Pasko_DA_14102021/Content/Download/AnimStarterPack/Hit_React_1.uasset" 433
"../../../../../../MyProjects/4.26.2/Pasko_DA_14102021/Content/Download/AnimStarterPack/Fire_Rifle_Ironsights.uasset" 434
"../../../../../../MyProjects/4.26.2/Pasko_DA_14102021/Content/Download/AnimStarterPack/Equip_Pistol_Standing.uasset" 435
"../../../../../../MyProjects/4.26.2/Pasko_DA_14102021/Content/Download/AnimStarterPack/Crouch_Walk_Fwd_Rifle_Ironsights.uasset" 436
"../../../../../../MyProjects/4.26.2/Pasko_DA_14102021/Content/Download/AnimStarterPack/Crouch_Idle_Rifle_Ironsights.uasset" 437
"../../../../../../MyProjects/4.26.2/Pasko_DA_14102021/Content/Download/AnimStarterPack/Crouch_Idle_Rifle_Hip.uasset" 438
"../../../../../../MyProjects/4.26.2/Pasko_DA_14102021/Content/Download/AnimStarterPack/Showcase.umap" 439
"../../../../../../MyProjects/4.26.2/Pasko_DA_14102021/Content/Download/FirstPersonContent/Geometry/Meshes/1M_Cube.uasset" 440
"../../../Engine/Content/Functions/Engine_MaterialFunctions03/Procedurals/ComputeFilterWidth.uasset" 441
"../../../Engine/Content/EngineMaterials/AntiAliasedTextMaterialTranslucent.uasset" 442
"../../../../../../MyProjects/4.26.2/Pasko_DA_14102021/Content/Download/FirstPersonContent/FirstPerson/Meshes/CubeMaterialOverride.uasset" 443
"../../../../../../MyProjects/4.26.2/Pasko_DA_14102021/Content/Download/FirstPersonContent/FirstPersonBP/Maps/FirstPersonExampleMap.umap" 444
"../../../Engine/Content/EditorMeshes/ColorCalibrator/M_GreyBall.uasset" 445
"../../../Engine/Content/EditorMeshes/ColorCalibrator/Color_checker.uasset" 446
"../../../Engine/Content/EditorMeshes/ColorCalibrator/M_ColorGrid.uasset" 447
"../../../Engine/Content/EditorMeshes/ColorCalibrator/M_ClearCoatBlack.uasset" 448
"../../../Engine/Content/EditorMeshes/ColorCalibrator/M_ClearCoat.uasset" 449
"../../../Engine/Content/EditorMeshes/ColorCalibrator/M_ChromeBall.uasset" 450
"../../../Engine/Content/EditorMeshes/ColorCalibrator/SM_ColorCalibrator.uasset" 451
"../../../../../../MyProjects/4.26.2/Pasko_DA_14102021/Content/Download/StarterContent/Maps/Advanced_Lighting_BuiltData.uasset" 452
"../../../Engine/Content/MapTemplates/Sky/DaylightAmbientCubemap.uasset" 453
"../../../../../../MyProjects/4.26.2/Pasko_DA_14102021/Content/Download/StarterContent/HDRI/HDRI_Epic_Courtyard_Daylight.uasset" 454
"../../../../../../MyProjects/4.26.2/Pasko_DA_14102021/Content/Download/StarterContent/Blueprints/Assets/M_LightStage_Skybox_Master.uasset" 455
"../../../../../../MyProjects/4.26.2/Pasko_DA_14102021/Content/Download/StarterContent/Blueprints/Assets/M_LightStage_Skybox_HDRI.uasset" 456
"../../../../../../MyProjects/4.26.2/Pasko_DA_14102021/Content/Download/StarterContent/Blueprints/Assets/M_LightStage_Arrows.uasset" 457
"../../../../../../MyProjects/4.26.2/Pasko_DA_14102021/Content/Download/StarterContent/Blueprints/Assets/SM_Arrows.uasset" 458
"../../../Engine/Content/EditorMaterials/Thumbnails/SkySphereMaterial.uasset" 459
"../../../../../../MyProjects/4.26.2/Pasko_DA_14102021/Content/Download/StarterContent/Blueprints/Assets/Skybox.uasset" 460
"../../../../../../MyProjects/4.26.2/Pasko_DA_14102021/Content/Download/StarterContent/Blueprints/Assets/M_LightStage_Skybox_Black.uasset" 461
"../../../../../../MyProjects/4.26.2/Pasko_DA_14102021/Content/Download/StarterContent/Blueprints/Assets/SunlightColorLUT.uasset" 462
"../../../../../../MyProjects/4.26.2/Pasko_DA_14102021/Content/Download/StarterContent/Blueprints/Assets/FogBrightnessLUT.uasset" 463
"../../../../../../MyProjects/4.26.2/Pasko_DA_14102021/Content/Download/StarterContent/Blueprints/BP_LightStudio.uasset" 464
"../../../../../../MyProjects/4.26.2/Pasko_DA_14102021/Content/Download/StarterContent/Materials/M_AssetPlatform.uasset" 465
"../../../../../../MyProjects/4.26.2/Pasko_DA_14102021/Content/Download/StarterContent/Architecture/SM_AssetPlatform.uasset" 466
"../../../../../../MyProjects/4.26.2/Pasko_DA_14102021/Content/Download/StarterContent/Maps/Advanced_Lighting.umap" 467
"../../../../../../MyProjects/4.26.2/Pasko_DA_14102021/Content/Download/StarterContent/Textures/T_TableRound_N.uasset" 468
"../../../../../../MyProjects/4.26.2/Pasko_DA_14102021/Content/Download/StarterContent/Textures/T_TableRound_M.uasset" 469
"../../../../../../MyProjects/4.26.2/Pasko_DA_14102021/Content/Download/StarterContent/Props/Materials/M_TableRound.uasset" 470
"../../../../../../MyProjects/4.26.2/Pasko_DA_14102021/Content/Download/StarterContent/Props/SM_TableRound.uasset" 471
"../../../../../../MyProjects/4.26.2/Pasko_DA_14102021/Content/Download/StarterContent/Textures/T_Statue_N.uasset" 472
"../../../../../../MyProjects/4.26.2/Pasko_DA_14102021/Content/Download/StarterContent/Textures/T_Statue_M.uasset" 473
"../../../../../../MyProjects/4.26.2/Pasko_DA_14102021/Content/Download/StarterContent/Props/Materials/M_Statue.uasset" 474
"../../../../../../MyProjects/4.26.2/Pasko_DA_14102021/Content/Download/StarterContent/Props/Materials/M_StatueGlass.uasset" 475
"../../../../../../MyProjects/4.26.2/Pasko_DA_14102021/Content/Download/StarterContent/Props/SM_Statue.uasset" 476
"../../../../../../MyProjects/4.26.2/Pasko_DA_14102021/Content/Download/StarterContent/Props/SM_Chair.uasset" 477
"../../../../../../MyProjects/4.26.2/Pasko_DA_14102021/Content/Download/StarterContent/Textures/T_MacroVariation.uasset" 478
"../../../../../../MyProjects/4.26.2/Pasko_DA_14102021/Content/Download/StarterContent/Textures/T_Metal_Copper_D.uasset" 479
"../../../../../../MyProjects/4.26.2/Pasko_DA_14102021/Content/Download/StarterContent/Textures/T_Metal_Gold_N.uasset" 480
"../../../../../../MyProjects/4.26.2/Pasko_DA_14102021/Content/Download/StarterContent/Materials/M_Metal_Copper.uasset" 481
"../../../../../../MyProjects/4.26.2/Pasko_DA_14102021/Content/Download/StarterContent/Textures/T_Metal_Aluminum_D.uasset" 482
"../../../../../../MyProjects/4.26.2/Pasko_DA_14102021/Content/Download/StarterContent/Materials/M_Metal_Burnished_Steel.uasset" 483
"../../../../../../MyProjects/4.26.2/Pasko_DA_14102021/Content/Download/StarterContent/Materials/M_Metal_Brushed_Nickel.uasset" 484
"../../../../../../MyProjects/4.26.2/Pasko_DA_14102021/Content/Download/StarterContent/Maps/Minimal_Default_BuiltData.uasset" 485
"../../../../../../MyProjects/4.26.2/Pasko_DA_14102021/Content/Download/StarterContent/Audio/Starter_Wind06.uasset" 486
"../../../../../../MyProjects/4.26.2/Pasko_DA_14102021/Content/Download/StarterContent/Audio/Starter_Wind05.uasset" 487
"../../../../../../MyProjects/4.26.2/Pasko_DA_14102021/Content/Download/StarterContent/Audio/Starter_Birds01.uasset" 488
"../../../../../../MyProjects/4.26.2/Pasko_DA_14102021/Content/Download/StarterContent/Audio/Starter_Background_Cue.uasset" 489
"../../../../../../MyProjects/4.26.2/Pasko_DA_14102021/Content/Download/StarterContent/Architecture/Floor_400x400.uasset" 490
"../../../../../../MyProjects/4.26.2/Pasko_DA_14102021/Content/Download/StarterContent/Maps/Minimal_Default.umap" 491
"../../../../../../MyProjects/4.26.2/Pasko_DA_14102021/Content/Download/StarterContent/Shapes/Shape_Sphere.uasset" 492
"../../../../../../MyProjects/4.26.2/Pasko_DA_14102021/Content/Download/StarterContent/Shapes/Shape_QuadPyramid.uasset" 493
"../../../../../../MyProjects/4.26.2/Pasko_DA_14102021/Content/Download/StarterContent/Shapes/Shape_Cube.uasset" 494
"../../../../../../MyProjects/4.26.2/Pasko_DA_14102021/Content/Download/StarterContent/Textures/T_Frame_N.uasset" 495
"../../../../../../MyProjects/4.26.2/Pasko_DA_14102021/Content/Download/StarterContent/Textures/T_Frame_M.uasset" 496
"../../../../../../MyProjects/4.26.2/Pasko_DA_14102021/Content/Download/StarterContent/Props/Materials/M_Frame.uasset" 497
"../../../../../../MyProjects/4.26.2/Pasko_DA_14102021/Content/Download/StarterContent/Props/SM_WindowFrame.uasset" 498
"../../../../../../MyProjects/4.26.2/Pasko_DA_14102021/Content/Download/StarterContent/Props/SM_PillarFrame300.uasset" 499
"../../../../../../MyProjects/4.26.2/Pasko_DA_14102021/Content/Download/StarterContent/Props/SM_PillarFrame.uasset" 500
"../../../../../../MyProjects/4.26.2/Pasko_DA_14102021/Content/Download/StarterContent/Props/SM_GlassWindow.uasset" 501
"../../../../../../MyProjects/4.26.2/Pasko_DA_14102021/Content/Download/StarterContent/Props/SM_DoorFrame.uasset" 502
"../../../../../../MyProjects/4.26.2/Pasko_DA_14102021/Content/Download/StarterContent/Props/SM_CornerFrame.uasset" 503
"../../../../../../MyProjects/4.26.2/Pasko_DA_14102021/Content/Download/StarterContent/Props/MaterialSphere.uasset" 504
"../../../../../../MyProjects/4.26.2/Pasko_DA_14102021/Content/Download/StarterContent/Textures/T_Dust_Particle_D.uasset" 505
"../../../../../../MyProjects/4.26.2/Pasko_DA_14102021/Content/Download/StarterContent/Particles/Materials/M_Dust_Particle.uasset" 506
"../../../../../../MyProjects/4.26.2/Pasko_DA_14102021/Content/Download/StarterContent/Particles/P_Ambient_Dust.uasset" 507
"../../../../../../MyProjects/4.26.2/Pasko_DA_14102021/Content/Download/StarterContent/Textures/T_Wood_Walnut_N.uasset" 508
"../../../../../../MyProjects/4.26.2/Pasko_DA_14102021/Content/Download/StarterContent/Textures/T_Wood_Walnut_D.uasset" 509
"../../../../../../MyProjects/4.26.2/Pasko_DA_14102021/Content/Download/StarterContent/Materials/M_Wood_Walnut.uasset" 510
"../../../../../../MyProjects/4.26.2/Pasko_DA_14102021/Content/Download/StarterContent/Textures/T_Perlin_Noise_M.uasset" 511
"../../../../../../MyProjects/4.26.2/Pasko_DA_14102021/Content/Download/StarterContent/Textures/T_Wood_Pine_N.uasset" 512
"../../../../../../MyProjects/4.26.2/Pasko_DA_14102021/Content/Download/StarterContent/Textures/T_Wood_Pine_D.uasset" 513
"../../../../../../MyProjects/4.26.2/Pasko_DA_14102021/Content/Download/StarterContent/Materials/M_Wood_Pine.uasset" 514
"../../../../../../MyProjects/4.26.2/Pasko_DA_14102021/Content/Download/StarterContent/Textures/T_Wood_Oak_N.uasset" 515
"../../../../../../MyProjects/4.26.2/Pasko_DA_14102021/Content/Download/StarterContent/Textures/T_Wood_Oak_D.uasset" 516
"../../../../../../MyProjects/4.26.2/Pasko_DA_14102021/Content/Download/StarterContent/Materials/M_Wood_Oak.uasset" 517
"../../../Engine/Content/Functions/Engine_MaterialFunctions01/Opacity/AlphaOffset.uasset" 518
"../../../../../../MyProjects/4.26.2/Pasko_DA_14102021/Content/Download/StarterContent/Textures/T_Wood_Floor_Walnut_N.uasset" 519
"../../../../../../MyProjects/4.26.2/Pasko_DA_14102021/Content/Download/StarterContent/Textures/T_Wood_Floor_Walnut_M.uasset" 520
"../../../../../../MyProjects/4.26.2/Pasko_DA_14102021/Content/Download/StarterContent/Textures/T_Wood_Floor_Walnut_D.uasset" 521
"../../../../../../MyProjects/4.26.2/Pasko_DA_14102021/Content/Download/StarterContent/Materials/M_Wood_Floor_Walnut_Worn.uasset" 522
"../../../../../../MyProjects/4.26.2/Pasko_DA_14102021/Content/Download/StarterContent/Materials/M_Wood_Floor_Walnut_Polished.uasset" 523
"../../../../../../MyProjects/4.26.2/Pasko_DA_14102021/Content/Download/StarterContent/Textures/T_Water_M.uasset" 524
"../../../../../../MyProjects/4.26.2/Pasko_DA_14102021/Content/Download/StarterContent/Textures/T_Water_N.uasset" 525
"../../../../../../MyProjects/4.26.2/Pasko_DA_14102021/Content/Download/StarterContent/Materials/M_Water_Ocean.uasset" 526
"../../../../../../MyProjects/4.26.2/Pasko_DA_14102021/Content/Download/StarterContent/Materials/M_Water_Lake.uasset" 527
"../../../../../../MyProjects/4.26.2/Pasko_DA_14102021/Content/Download/StarterContent/Textures/T_Tech_Panel_N.uasset" 528
"../../../../../../MyProjects/4.26.2/Pasko_DA_14102021/Content/Download/StarterContent/Textures/T_Tech_Panel_M.uasset" 529
"../../../../../../MyProjects/4.26.2/Pasko_DA_14102021/Content/Download/StarterContent/Textures/T_Metal_Steel_D.uasset" 530
"../../../../../../MyProjects/4.26.2/Pasko_DA_14102021/Content/Download/StarterContent/Materials/M_Tech_Panel.uasset" 531
"../../../../../../MyProjects/4.26.2/Pasko_DA_14102021/Content/Download/StarterContent/Textures/T_Tech_Hex_Tile_N.uasset" 532
"../../../../../../MyProjects/4.26.2/Pasko_DA_14102021/Content/Download/StarterContent/Textures/T_Tech_Hex_Tile_M.uasset" 533
"../../../../../../MyProjects/4.26.2/Pasko_DA_14102021/Content/Download/StarterContent/Materials/M_Tech_Hex_Tile_Pulse.uasset" 534
"../../../../../../MyProjects/4.26.2/Pasko_DA_14102021/Content/Download/StarterContent/Materials/M_Tech_Hex_Tile.uasset" 535
"../../../../../../MyProjects/4.26.2/Pasko_DA_14102021/Content/Download/StarterContent/Textures/T_Tech_Dot_N.uasset" 536
"../../../../../../MyProjects/4.26.2/Pasko_DA_14102021/Content/Download/StarterContent/Textures/T_Tech_Dot_M.uasset" 537
"../../../../../../MyProjects/4.26.2/Pasko_DA_14102021/Content/Download/StarterContent/Textures/T_Single_Tile_N.uasset" 538
"../../../../../../MyProjects/4.26.2/Pasko_DA_14102021/Content/Download/StarterContent/Textures/T_Checker_Noise_M.uasset" 539
"../../../../../../MyProjects/4.26.2/Pasko_DA_14102021/Content/Download/StarterContent/Materials/M_Tech_Checker_Dot.uasset" 540
"../../../../../../MyProjects/4.26.2/Pasko_DA_14102021/Content/Download/StarterContent/Textures/T_Rock_Slate_N.uasset" 541
"../../../../../../MyProjects/4.26.2/Pasko_DA_14102021/Content/Download/StarterContent/Textures/T_Rock_Slate_D.uasset" 542
"../../../../../../MyProjects/4.26.2/Pasko_DA_14102021/Content/Download/StarterContent/Materials/M_Rock_Slate.uasset" 543
"../../../../../../MyProjects/4.26.2/Pasko_DA_14102021/Content/Download/StarterContent/Textures/T_Rock_Sandstone_N.uasset" 544
"../../../../../../MyProjects/4.26.2/Pasko_DA_14102021/Content/Download/StarterContent/Textures/T_Rock_Sandstone_D.uasset" 545
"../../../../../../MyProjects/4.26.2/Pasko_DA_14102021/Content/Download/StarterContent/Materials/M_Rock_Sandstone.uasset" 546
"../../../../../../MyProjects/4.26.2/Pasko_DA_14102021/Content/Download/StarterContent/Textures/T_Rock_Marble_Polished_D.uasset" 547
"../../../../../../MyProjects/4.26.2/Pasko_DA_14102021/Content/Download/StarterContent/Materials/M_Rock_Marble_Polished.uasset" 548
"../../../../../../MyProjects/4.26.2/Pasko_DA_14102021/Content/Download/StarterContent/Textures/T_Rock_Basalt_N.uasset" 549
"../../../../../../MyProjects/4.26.2/Pasko_DA_14102021/Content/Download/StarterContent/Materials/M_Rock_Basalt.uasset" 550
"../../../../../../MyProjects/4.26.2/Pasko_DA_14102021/Content/Download/StarterContent/Textures/T_Metal_Steel_N.uasset" 551
"../../../../../../MyProjects/4.26.2/Pasko_DA_14102021/Content/Download/StarterContent/Materials/M_Metal_Steel.uasset" 552
"../../../../../../MyProjects/4.26.2/Pasko_DA_14102021/Content/Download/StarterContent/Textures/T_Metal_Rust_D.uasset" 553
"../../../../../../MyProjects/4.26.2/Pasko_DA_14102021/Content/Download/StarterContent/Textures/T_Metal_Rust_N.uasset" 554
"../../../../../../MyProjects/4.26.2/Pasko_DA_14102021/Content/Download/StarterContent/Materials/M_Metal_Rust.uasset" 555
"../../../../../../MyProjects/4.26.2/Pasko_DA_14102021/Content/Download/StarterContent/Textures/T_Metal_Gold_D.uasset" 556
"../../../../../../MyProjects/4.26.2/Pasko_DA_14102021/Content/Download/StarterContent/Materials/M_Metal_Gold.uasset" 557
"../../../../../../MyProjects/4.26.2/Pasko_DA_14102021/Content/Download/StarterContent/Materials/M_Metal_Chrome.uasset" 558
"../../../../../../MyProjects/4.26.2/Pasko_DA_14102021/Content/Download/StarterContent/Textures/T_Ground_Moss_N.uasset" 559
"../../../../../../MyProjects/4.26.2/Pasko_DA_14102021/Content/Download/StarterContent/Textures/T_ground_Moss_D.uasset" 560
"../../../../../../MyProjects/4.26.2/Pasko_DA_14102021/Content/Download/StarterContent/Materials/M_Ground_Moss.uasset" 561
"../../../../../../MyProjects/4.26.2/Pasko_DA_14102021/Content/Download/StarterContent/Textures/T_Ground_Gravel_N.uasset" 562
"../../../../../../MyProjects/4.26.2/Pasko_DA_14102021/Content/Download/StarterContent/Textures/T_Ground_Gravel_D.uasset" 563
"../../../../../../MyProjects/4.26.2/Pasko_DA_14102021/Content/Download/StarterContent/Materials/M_Ground_Gravel.uasset" 564
"../../../../../../MyProjects/4.26.2/Pasko_DA_14102021/Content/Download/StarterContent/Textures/T_Ground_Grass_N.uasset" 565
"../../../../../../MyProjects/4.26.2/Pasko_DA_14102021/Content/Download/StarterContent/Textures/T_Ground_Grass_D.uasset" 566
"../../../../../../MyProjects/4.26.2/Pasko_DA_14102021/Content/Download/StarterContent/Materials/M_Ground_Grass.uasset" 567
"../../../../../../MyProjects/4.26.2/Pasko_DA_14102021/Content/Download/StarterContent/Textures/T_Concrete_Tiles_Variation_M.uasset" 568
"../../../../../../MyProjects/4.26.2/Pasko_DA_14102021/Content/Download/StarterContent/Textures/T_Concrete_Tiles_N.uasset" 569
"../../../../../../MyProjects/4.26.2/Pasko_DA_14102021/Content/Download/StarterContent/Textures/T_Concrete_Tiles_M.uasset" 570
"../../../../../../MyProjects/4.26.2/Pasko_DA_14102021/Content/Download/StarterContent/Textures/T_Concrete_Tiles_D.uasset" 571
"../../../../../../MyProjects/4.26.2/Pasko_DA_14102021/Content/Download/StarterContent/Materials/M_Concrete_Tiles.uasset" 572
"../../../../../../MyProjects/4.26.2/Pasko_DA_14102021/Content/Download/StarterContent/Textures/T_Concrete_Poured_N.uasset" 573
"../../../../../../MyProjects/4.26.2/Pasko_DA_14102021/Content/Download/StarterContent/Textures/T_Concrete_Poured_D.uasset" 574
"../../../../../../MyProjects/4.26.2/Pasko_DA_14102021/Content/Download/StarterContent/Materials/M_Concrete_Poured.uasset" 575
"../../../../../../MyProjects/4.26.2/Pasko_DA_14102021/Content/Download/StarterContent/Textures/T_Concrete_Grime_D.uasset" 576
"../../../../../../MyProjects/4.26.2/Pasko_DA_14102021/Content/Download/StarterContent/Materials/M_Concrete_Grime.uasset" 577
"../../../../../../MyProjects/4.26.2/Pasko_DA_14102021/Content/Download/StarterContent/Textures/T_CobbleStone_Smooth_N.uasset" 578
"../../../../../../MyProjects/4.26.2/Pasko_DA_14102021/Content/Download/StarterContent/Textures/T_CobbleStone_Smooth_M.uasset" 579
"../../../../../../MyProjects/4.26.2/Pasko_DA_14102021/Content/Download/StarterContent/Textures/T_CobbleStone_Smooth_D.uasset" 580
"../../../../../../MyProjects/4.26.2/Pasko_DA_14102021/Content/Download/StarterContent/Textures/T_Rock_Smooth_Granite_D.uasset" 581
"../../../../../../MyProjects/4.26.2/Pasko_DA_14102021/Content/Download/StarterContent/Textures/T_Gradinet_01.uasset" 582
"../../../../../../MyProjects/4.26.2/Pasko_DA_14102021/Content/Download/StarterContent/Materials/M_CobbleStone_Smooth.uasset" 583
"../../../../../../MyProjects/4.26.2/Pasko_DA_14102021/Content/Download/StarterContent/Textures/T_CobbleStone_Rough_N.uasset" 584
"../../../../../../MyProjects/4.26.2/Pasko_DA_14102021/Content/Download/StarterContent/Textures/T_CobbleStone_Rough_D.uasset" 585
"../../../../../../MyProjects/4.26.2/Pasko_DA_14102021/Content/Download/StarterContent/Materials/M_CobbleStone_Rough.uasset" 586
"../../../../../../MyProjects/4.26.2/Pasko_DA_14102021/Content/Download/StarterContent/Textures/T_CobbleStone_Pebble_D.uasset" 587
"../../../../../../MyProjects/4.26.2/Pasko_DA_14102021/Content/Download/StarterContent/Textures/T_CobbleStone_Pebble_N.uasset" 588
"../../../../../../MyProjects/4.26.2/Pasko_DA_14102021/Content/Download/StarterContent/Textures/T_CobbleStone_Pebble_M.uasset" 589
"../../../../../../MyProjects/4.26.2/Pasko_DA_14102021/Content/Download/StarterContent/Materials/M_CobbleStone_Pebble.uasset" 590
"../../../../../../MyProjects/4.26.2/Pasko_DA_14102021/Content/Download/StarterContent/Textures/T_Ceramic_Tile_N.uasset" 591
"../../../../../../MyProjects/4.26.2/Pasko_DA_14102021/Content/Download/StarterContent/Textures/T_Ceramic_Tile_M.uasset" 592
"../../../../../../MyProjects/4.26.2/Pasko_DA_14102021/Content/Download/StarterContent/Materials/M_Ceramic_Tile_Checker.uasset" 593
"../../../../../../MyProjects/4.26.2/Pasko_DA_14102021/Content/Download/StarterContent/Textures/T_Brick_Hewn_Stone_N.uasset" 594
"../../../../../../MyProjects/4.26.2/Pasko_DA_14102021/Content/Download/StarterContent/Textures/T_Brick_Hewn_Stone_M.uasset" 595
"../../../../../../MyProjects/4.26.2/Pasko_DA_14102021/Content/Download/StarterContent/Textures/T_Brick_Hewn_Stone_D.uasset" 596
"../../../../../../MyProjects/4.26.2/Pasko_DA_14102021/Content/Download/StarterContent/Materials/M_Brick_Hewn_Stone.uasset" 597
"../../../../../../MyProjects/4.26.2/Pasko_DA_14102021/Content/Download/StarterContent/Textures/T_Brick_Cut_Stone_N.uasset" 598
"../../../../../../MyProjects/4.26.2/Pasko_DA_14102021/Content/Download/StarterContent/Textures/T_Brick_Cut_Stone_D.uasset" 599
"../../../../../../MyProjects/4.26.2/Pasko_DA_14102021/Content/Download/StarterContent/Materials/M_Brick_Cut_Stone.uasset" 600
"../../../../../../MyProjects/4.26.2/Pasko_DA_14102021/Content/Download/StarterContent/Textures/T_Brick_Clay_Old_N.uasset" 601
"../../../../../../MyProjects/4.26.2/Pasko_DA_14102021/Content/Download/StarterContent/Textures/T_Brick_Clay_Old_D.uasset" 602
"../../../../../../MyProjects/4.26.2/Pasko_DA_14102021/Content/Download/StarterContent/Materials/M_Brick_Clay_Old.uasset" 603
"../../../../../../MyProjects/4.26.2/Pasko_DA_14102021/Content/Download/StarterContent/Textures/T_Brick_Clay_New_N.uasset" 604
"../../../../../../MyProjects/4.26.2/Pasko_DA_14102021/Content/Download/StarterContent/Textures/T_Brick_Clay_New_M.uasset" 605
"../../../../../../MyProjects/4.26.2/Pasko_DA_14102021/Content/Download/StarterContent/Textures/T_Brick_Clay_New_D.uasset" 606
"../../../../../../MyProjects/4.26.2/Pasko_DA_14102021/Content/Download/StarterContent/Materials/M_Brick_Clay_New.uasset" 607
"../../../../../../MyProjects/4.26.2/Pasko_DA_14102021/Content/Download/StarterContent/Textures/T_Brick_Clay_Beveled_N.uasset" 608
"../../../../../../MyProjects/4.26.2/Pasko_DA_14102021/Content/Download/StarterContent/Textures/T_Brick_Clay_Beveled_M.uasset" 609
"../../../../../../MyProjects/4.26.2/Pasko_DA_14102021/Content/Download/StarterContent/Textures/T_Brick_Clay_Beveled_D.uasset" 610
"../../../../../../MyProjects/4.26.2/Pasko_DA_14102021/Content/Download/StarterContent/Materials/M_Brick_Clay_Beveled.uasset" 611
"../../../../../../MyProjects/4.26.2/Pasko_DA_14102021/Content/Download/StarterContent/Maps/StarterMap_BuiltData.uasset" 612
"../../../../../../MyProjects/4.26.2/Pasko_DA_14102021/Content/Download/StarterContent/Textures/T_Concrete_Panels_N.uasset" 613
"../../../../../../MyProjects/4.26.2/Pasko_DA_14102021/Content/Download/StarterContent/Textures/T_Concrete_Panels_D.uasset" 614
"../../../../../../MyProjects/4.26.2/Pasko_DA_14102021/Content/Download/StarterContent/Materials/M_Concrete_Panels.uasset" 615
"../../../../../../MyProjects/4.26.2/Pasko_DA_14102021/Content/Download/StarterContent/Textures/T_Lamp_N.uasset" 616
"../../../../../../MyProjects/4.26.2/Pasko_DA_14102021/Content/Download/StarterContent/Textures/T_Lamp_M.uasset" 617
"../../../../../../MyProjects/4.26.2/Pasko_DA_14102021/Content/Download/StarterContent/Props/Materials/M_Lamp.uasset" 618
"../../../../../../MyProjects/4.26.2/Pasko_DA_14102021/Content/Download/StarterContent/Props/SM_Lamp_Wall.uasset" 619
"../../../../../../MyProjects/4.26.2/Pasko_DA_14102021/Content/Download/StarterContent/Blueprints/Blueprint_WallSconce.uasset" 620
"../../../../../../MyProjects/4.26.2/Pasko_DA_14102021/Content/Download/StarterContent/Particles/P_Steam_Lit.uasset" 621
"../../../../../../MyProjects/4.26.2/Pasko_DA_14102021/Content/Download/StarterContent/Audio/Steam01.uasset" 622
"../../../../../../MyProjects/4.26.2/Pasko_DA_14102021/Content/Download/StarterContent/Audio/Steam01_Cue.uasset" 623
"../../../../../../MyProjects/4.26.2/Pasko_DA_14102021/Content/Download/StarterContent/Blueprints/Blueprint_Effect_Steam.uasset" 624
"../../../../../../MyProjects/4.26.2/Pasko_DA_14102021/Content/Download/StarterContent/Textures/T_Spark_Core.uasset" 625
"../../../../../../MyProjects/4.26.2/Pasko_DA_14102021/Content/Download/StarterContent/Particles/Materials/M_Spark.uasset" 626
"../../../../../../MyProjects/4.26.2/Pasko_DA_14102021/Content/Download/StarterContent/Particles/Materials/M_Radial_Gradient.uasset" 627
"../../../../../../MyProjects/4.26.2/Pasko_DA_14102021/Content/Download/StarterContent/Particles/P_Sparks.uasset" 628
"../../../../../../MyProjects/4.26.2/Pasko_DA_14102021/Content/Download/StarterContent/Audio/Fire_Sparks01.uasset" 629
"../../../../../../MyProjects/4.26.2/Pasko_DA_14102021/Content/Download/StarterContent/Audio/Fire_Sparks01_Cue.uasset" 630
"../../../../../../MyProjects/4.26.2/Pasko_DA_14102021/Content/Download/StarterContent/Blueprints/Blueprint_Effect_Sparks.uasset" 631
"../../../../../../MyProjects/4.26.2/Pasko_DA_14102021/Content/Download/StarterContent/Particles/P_Smoke.uasset" 632
"../../../../../../MyProjects/4.26.2/Pasko_DA_14102021/Content/Download/StarterContent/Audio/Smoke01.uasset" 633
"../../../../../../MyProjects/4.26.2/Pasko_DA_14102021/Content/Download/StarterContent/Audio/Smoke01_Cue.uasset" 634
"../../../../../../MyProjects/4.26.2/Pasko_DA_14102021/Content/Download/StarterContent/Blueprints/Blueprint_Effect_Smoke.uasset" 635
"../../../../../../MyProjects/4.26.2/Pasko_DA_14102021/Content/Download/StarterContent/Particles/Materials/M_Heat_Distortion.uasset" 636
"../../../../../../MyProjects/4.26.2/Pasko_DA_14102021/Content/Download/StarterContent/Textures/T_Fire_Tiled_D.uasset" 637
"../../../../../../MyProjects/4.26.2/Pasko_DA_14102021/Content/Download/StarterContent/Textures/T_Fire_SubUV.uasset" 638
"../../../../../../MyProjects/4.26.2/Pasko_DA_14102021/Content/Download/StarterContent/Particles/Materials/M_Fire_SubUV.uasset" 639
"../../../../../../MyProjects/4.26.2/Pasko_DA_14102021/Content/Download/StarterContent/Particles/P_Fire.uasset" 640
"../../../../../../MyProjects/4.26.2/Pasko_DA_14102021/Content/Download/StarterContent/Audio/Fire01.uasset" 641
"../../../../../../MyProjects/4.26.2/Pasko_DA_14102021/Content/Download/StarterContent/Audio/Fire01_Cue.uasset" 642
"../../../../../../MyProjects/4.26.2/Pasko_DA_14102021/Content/Download/StarterContent/Blueprints/Blueprint_Effect_Fire.uasset" 643
"../../../../../../MyProjects/4.26.2/Pasko_DA_14102021/Content/Download/StarterContent/Props/SM_Lamp_Ceiling.uasset" 644
"../../../../../../MyProjects/4.26.2/Pasko_DA_14102021/Content/Download/StarterContent/Blueprints/Blueprint_CeilingLight.uasset" 645
"../../../../../../MyProjects/4.26.2/Pasko_DA_14102021/Content/Download/StarterContent/Audio/Starter_Music01.uasset" 646
"../../../../../../MyProjects/4.26.2/Pasko_DA_14102021/Content/Download/StarterContent/Audio/Starter_Music_Cue.uasset" 647
"../../../../../../MyProjects/4.26.2/Pasko_DA_14102021/Content/Download/StarterContent/Audio/Collapse02.uasset" 648
"../../../../../../MyProjects/4.26.2/Pasko_DA_14102021/Content/Download/StarterContent/Audio/Collapse01.uasset" 649
"../../../../../../MyProjects/4.26.2/Pasko_DA_14102021/Content/Download/StarterContent/Audio/Collapse_Cue.uasset" 650
"../../../../../../MyProjects/4.26.2/Pasko_DA_14102021/Content/Download/StarterContent/Architecture/Wall_Window_400x300.uasset" 651
"../../../../../../MyProjects/4.26.2/Pasko_DA_14102021/Content/Download/StarterContent/Architecture/Wall_Door_400x300.uasset" 652
"../../../../../../MyProjects/4.26.2/Pasko_DA_14102021/Content/Download/StarterContent/Architecture/Wall_400x200.uasset" 653
"../../../../../../MyProjects/4.26.2/Pasko_DA_14102021/Content/Download/StarterContent/Maps/StarterMap.umap" 654
"../../../../../../MyProjects/4.26.2/Pasko_DA_14102021/Content/Download/ThirdPersonContent/ThirdPersonBP/Maps/ThirdPersonExampleMap_BuiltData.uasset" 655
"../../../../../../MyProjects/4.26.2/Pasko_DA_14102021/Content/Download/ThirdPersonContent/ThirdPerson/Meshes/RampMaterial.uasset" 656
"../../../../../../MyProjects/4.26.2/Pasko_DA_14102021/Content/Download/ThirdPersonContent/ThirdPerson/Meshes/RightArm_StaticMesh.uasset" 657
"../../../../../../MyProjects/4.26.2/Pasko_DA_14102021/Content/Download/ThirdPersonContent/ThirdPerson/Meshes/Ramp_StaticMesh.uasset" 658
"../../../../../../MyProjects/4.26.2/Pasko_DA_14102021/Content/Download/ThirdPersonContent/ThirdPerson/Meshes/Linear_Stair_StaticMesh.uasset" 659
"../../../../../../MyProjects/4.26.2/Pasko_DA_14102021/Content/Download/ThirdPersonContent/ThirdPerson/Meshes/LeftArm_StaticMesh.uasset" 660
"../../../../../../MyProjects/4.26.2/Pasko_DA_14102021/Content/Download/ThirdPersonContent/ThirdPerson/Meshes/Bump_StaticMesh.uasset" 661
"../../../../../../MyProjects/4.26.2/Pasko_DA_14102021/Content/Download/ThirdPersonContent/Geometry/Meshes/CubeMaterial.uasset" 662
"../../../../../../MyProjects/4.26.2/Pasko_DA_14102021/Content/Download/ThirdPersonContent/Geometry/Meshes/TemplateFloor.uasset" 663
"../../../../../../MyProjects/4.26.2/Pasko_DA_14102021/Content/Download/ThirdPersonContent/Geometry/Meshes/1M_Cube_Chamfer.uasset" 664
"../../../../../../MyProjects/4.26.2/Pasko_DA_14102021/Content/Download/ThirdPersonContent/Geometry/Meshes/1M_Cube.uasset" 665
"../../../../../../MyProjects/4.26.2/Pasko_DA_14102021/Content/Download/ThirdPersonContent/ThirdPersonBP/Maps/ThirdPersonExampleMap.umap" 666
"../../../Engine/Content/MapTemplates/SM_Template_Map_Floor.uasset" 667
"../../../../../../MyProjects/4.26.2/Pasko_DA_14102021/Content/Pasko_DA/Levels/BasicLevel_BuiltData.uasset" 668
"../../../../../../MyProjects/4.26.2/Pasko_DA_14102021/Content/Download/StarterContent/Shapes/Shape_Cylinder.uasset" 669
"../../../../../../MyProjects/4.26.2/Pasko_DA_14102021/Content/Pasko_DA/Interaction/Fan.uasset" 670
"../../../../../../MyProjects/4.26.2/Pasko_DA_14102021/Content/Pasko_DA/Interaction/BaseLamp.uasset" 671
"../../../../../../MyProjects/4.26.2/Pasko_DA_14102021/Content/Download/StarterContent/Shapes/Shape_NarrowCapsule.uasset" 672
"../../../../../../MyProjects/4.26.2/Pasko_DA_14102021/Content/Download/StarterContent/Shapes/Shape_Cone.uasset" 673
"../../../../../../MyProjects/4.26.2/Pasko_DA_14102021/Content/Pasko_DA/Levels/BasicLevel.umap" 674
"../../../Engine/Content/Maps/Entry_BuiltData.uasset" 675
"../../../Engine/Content/Maps/Entry.umap" 676
